<?xml version="1.0" encoding="UTF-8"?>
<!-- Generated by org.testng.reporters.JUnitReportReporter -->
<testsuite hostname="owner-PC" failures="0" tests="2" name="com.crm.autodeskcontacts.CreateContact" time="76.057" errors="0" timestamp="2021-12-27T16:52:46 IST" skipped="0">
  <testcase classname="com.crm.autodeskcontacts.CreateContact" name="createContacts" time="38.031"/>
  <system-out/>
  <testcase classname="com.crm.autodeskcontacts.CreateContact" name="createContacts" time="38.026"/>
  <system-out/>
</testsuite> <!-- com.crm.autodeskcontacts.CreateContact -->
