<?xml version="1.0" encoding="UTF-8"?>
<!-- Generated by org.testng.reporters.JUnitReportReporter -->
<testsuite hostname="owner-PC" failures="0" tests="1" name="practice.DemoTest" time="0.011" errors="0" timestamp="2021-12-27T11:55:32 IST" skipped="0">
  <testcase classname="practice.DemoTest" name="demoTest" time="0.011"/>
  <system-out/>
</testsuite> <!-- practice.DemoTest -->
